INFO:     Started server process [33366]
INFO:     Waiting for application startup.
2026-05-04 11:13:54,153 main INFO: 🚀 Starting Crawling Microservice...
2026-05-04 11:13:54,153 crawling-db INFO: 🔄 Initializing Crawling DB at: sqlite+aiosqlite:///supplier_crawling.db
2026-05-04 11:13:54,153 crawling-db INFO: 📋 Registered tables: ['job_offer', 'tender_winning_notice', 'crawler_jobs', 'crawler_configs', 'config_retention_current', 'config_retention_history', 'config_crawler_schedule']
2026-05-04 11:13:54,162 crawling-db INFO: ✅ Crawling DB initialization complete.
2026-05-04 11:13:54,170 apscheduler.scheduler INFO: Scheduler started
2026-05-04 11:13:54,170 main INFO: ✅ Startup complete
INFO:     Application startup complete.
INFO:     Uvicorn running on http://0.0.0.0:8011 (Press CTRL+C to quit)
INFO:     127.0.0.1:57067 - "POST /api/v1/crawl/all HTTP/1.1" 200 OK
2026-05-04 11:14:14,704 executor INFO: 🚀 Starting BUND_JOBS crawl for latest (Job 190)
2026-05-04 11:14:14,704 core.scrapers.base INFO: Initialized BUND_JOBS scraper. max_jobs=2000
2026-05-04 11:14:14,705 executor INFO: 🚀 Starting EURES crawl for CH (Job 191)
2026-05-04 11:14:14,705 core.scrapers.base INFO: Initialized EURES_CH scraper. max_jobs=2000
2026-05-04 11:14:14,708 bund-scraper INFO: 📡 Fetching RSS feed: https://www.service.bund.de/Content/Globals/Functions/RSSFeed/RSSGenerator_Stellen.xml
2026-05-04 11:14:14,763 executor INFO: 🚀 Starting EURES crawl for DE (Job 192)
2026-05-04 11:14:14,763 core.scrapers.base INFO: Initialized EURES_DE scraper. max_jobs=2000
2026-05-04 11:14:14,799 executor INFO: 🚀 Starting INTERAMT crawl for Global (Job 193)
2026-05-04 11:14:14,800 core.scrapers.base INFO: Initialized INTERAMT scraper. max_jobs=2000
2026-05-04 11:14:14,819 executor INFO: 🚀 Starting EURES crawl for AT (Job 194)
2026-05-04 11:14:14,819 core.scrapers.base INFO: Initialized EURES_AT scraper. max_jobs=2000
2026-05-04 11:14:17,903 core.scrapers.job_offer.eures INFO: Navigating to EURES: https://europa.eu/eures/portal/jv-se/search?page=1&resultsPerPage=50&orderBy=BEST_MATCH&locationCodes=at&keyword=AT&lang=en
2026-05-04 11:14:17,909 core.scrapers.job_offer.eures INFO: Navigating to EURES: https://europa.eu/eures/portal/jv-se/search?page=1&resultsPerPage=50&orderBy=BEST_MATCH&locationCodes=de&keyword=DE&lang=en
2026-05-04 11:14:17,910 core.scrapers.job_offer.interamt INFO: Navigating to https://interamt.de/koop/app/stellensuche?1
2026-05-04 11:14:17,910 core.scrapers.job_offer.eures INFO: Navigating to EURES: https://europa.eu/eures/portal/jv-se/search?page=1&resultsPerPage=50&orderBy=BEST_MATCH&locationCodes=ch&keyword=CH&lang=en
2026-05-04 11:14:18,080 httpx INFO: HTTP Request: GET https://www.service.bund.de/Content/Globals/Functions/RSSFeed/RSSGenerator_Stellen.xml "HTTP/1.1 200 OK"
2026-05-04 11:14:18,208 bund-scraper INFO: 🔍 Found 500 items in RSS. Processing up to 500...
2026-05-04 11:14:19,280 bund-scraper INFO: [1/500] Visiting https://www.service.bund.de/IMPORTE/Stellenangebote/zoll/2026/05/307878.html#track=feed-jobs
2026-05-04 11:14:20,774 core.scrapers.job_offer.eures INFO: Scraping EURES page 1...
2026-05-04 11:14:20,891 core.scrapers.job_offer.eures INFO: Scraping EURES page 1...
2026-05-04 11:14:21,076 core.scrapers.job_offer.eures INFO: Scraping EURES page 1...
2026-05-04 11:14:21,122 bund-scraper INFO: [2/500] Visiting https://www.service.bund.de/IMPORTE/Stellenangebote/interamt/2026/05/1443408.html#track=feed-jobs
2026-05-04 11:14:21,386 bund-scraper INFO: [3/500] Visiting https://www.service.bund.de/IMPORTE/Stellenangebote/interamt/2026/05/1443130.html#track=feed-jobs
2026-05-04 11:14:22,906 bund-scraper INFO: [4/500] Visiting https://www.service.bund.de/IMPORTE/Stellenangebote/interamt/2026/05/1443366.html#track=feed-jobs
2026-05-04 11:14:23,029 bund-scraper INFO: [5/500] Visiting https://www.service.bund.de/IMPORTE/Stellenangebote/interamt/2026/05/1443124.html#track=feed-jobs
2026-05-04 11:14:23,158 bund-scraper INFO: [6/500] Visiting https://www.service.bund.de/IMPORTE/Stellenangebote/interamt/2026/05/1443043.html#track=feed-jobs
2026-05-04 11:14:23,266 bund-scraper INFO: [7/500] Visiting https://www.service.bund.de/IMPORTE/Stellenangebote/interamt/2026/05/1443045.html#track=feed-jobs
2026-05-04 11:14:23,363 bund-scraper INFO: [8/500] Visiting https://www.service.bund.de/IMPORTE/Stellenangebote/interamt/2026/05/1443046.html#track=feed-jobs
2026-05-04 11:14:23,454 bund-scraper INFO: [9/500] Visiting https://www.service.bund.de/IMPORTE/Stellenangebote/interamt/2026/05/1442421.html#track=feed-jobs
2026-05-04 11:14:23,547 bund-scraper INFO: [10/500] Visiting https://www.service.bund.de/IMPORTE/Stellenangebote/interamt/2026/05/1443027.html#track=feed-jobs
2026-05-04 11:14:23,641 bund-scraper INFO: [11/500] Visiting https://www.service.bund.de/IMPORTE/Stellenangebote/interamt/2026/05/1442310.html#track=feed-jobs
2026-05-04 11:14:24,510 core.scrapers.job_offer.interamt INFO: Loading results...
2026-05-04 11:14:24,622 core.scrapers.job_offer.interamt INFO: Currently visible jobs: 10
2026-05-04 11:14:24,625 core.scrapers.job_offer.interamt INFO: Clicking 'mehr laden'...
2026-05-04 11:14:25,022 bund-scraper INFO: [12/500] Visiting https://www.service.bund.de/IMPORTE/Stellenangebote/interamt/2026/05/1442281.html#track=feed-jobs
2026-05-04 11:14:26,470 bund-scraper INFO: [13/500] Visiting https://www.service.bund.de/IMPORTE/Stellenangebote/interamt/2026/05/1440458.html#track=feed-jobs
2026-05-04 11:14:26,604 bund-scraper INFO: [14/500] Visiting https://www.service.bund.de/IMPORTE/Stellenangebote/interamt/2026/05/1442250.html#track=feed-jobs
2026-05-04 11:14:26,713 bund-scraper INFO: [15/500] Visiting https://www.service.bund.de/IMPORTE/Stellenangebote/interamt/2026/05/1441403.html#track=feed-jobs
2026-05-04 11:14:27,314 core.scrapers.job_offer.interamt INFO: Currently visible jobs: 20
2026-05-04 11:14:27,316 core.scrapers.job_offer.interamt INFO: Clicking 'mehr laden'...
2026-05-04 11:14:28,171 bund-scraper INFO: [16/500] Visiting https://www.service.bund.de/IMPORTE/Stellenangebote/interamt/2026/05/1442142.html#track=feed-jobs
2026-05-04 11:14:28,382 bund-scraper INFO: [17/500] Visiting https://www.service.bund.de/IMPORTE/Stellenangebote/interamt/2026/05/1433023.html#track=feed-jobs
2026-05-04 11:14:28,487 bund-scraper INFO: [18/500] Visiting https://www.service.bund.de/IMPORTE/Stellenangebote/interamt/2026/05/1441970.html#track=feed-jobs
2026-05-04 11:14:29,844 bund-scraper INFO: [19/500] Visiting https://www.service.bund.de/IMPORTE/Stellenangebote/editor/Landkreis-Stade/2026/05/6487797.html#track=feed-jobs
2026-05-04 11:14:30,023 bund-scraper INFO: [20/500] Visiting https://www.service.bund.de/IMPORTE/Stellenangebote/interamt/2026/05/1443163.html#track=feed-jobs
2026-05-04 11:14:30,032 core.scrapers.job_offer.interamt INFO: Currently visible jobs: 30
2026-05-04 11:14:30,034 core.scrapers.job_offer.interamt INFO: Clicking 'mehr laden'...
2026-05-04 11:14:30,781 core.scrapers.job_offer.eures INFO: No results found on EURES.
2026-05-04 11:14:30,970 executor INFO: ✅ Job 191 finished: 0 items found
2026-05-04 11:14:30,973 executor INFO: 🚀 Starting BUND_AWARDS crawl for latest (Job 195)
2026-05-04 11:14:30,973 core.scrapers.base INFO: Initialized BUND_AWARDS scraper. max_jobs=2000
2026-05-04 11:14:30,975 bund-scraper INFO: 📡 Fetching RSS feed: https://www.service.bund.de/Content/Globals/Functions/RSSFeed/RSSGenerator_Ausschreibungen.xml
2026-05-04 11:14:31,035 bund-scraper INFO: [21/500] Visiting https://www.service.bund.de/IMPORTE/Stellenangebote/interamt/2026/05/1443282.html#track=feed-jobs
2026-05-04 11:14:31,054 core.scrapers.job_offer.eures INFO: No results found on EURES.
2026-05-04 11:14:31,087 executor INFO: ✅ Job 194 finished: 0 items found
2026-05-04 11:14:31,089 executor INFO: 🚀 Starting OEFFENTLICHE_VERGABE crawl for latest (Job 196)
2026-05-04 11:14:31,089 core.scrapers.base INFO: Initialized OEFFENTLICHE_VERGABE scraper. max_jobs=2000
2026-05-04 11:14:31,091 oeffentliche-vergabe-scraper INFO: 📡 Fetching OCDS export for latest from https://oeffentlichevergabe.de/api/notice-exports
2026-05-04 11:14:31,107 core.scrapers.job_offer.eures INFO: No results found on EURES.
2026-05-04 11:14:31,138 executor INFO: ✅ Job 192 finished: 0 items found
2026-05-04 11:14:31,140 executor INFO: 🚀 Starting TED_AWARDS crawl for DE,AT,CH (Job 197)
2026-05-04 11:14:31,140 core.scrapers.base INFO: Initialized TED_AWARDS scraper. max_jobs=2000
2026-05-04 11:14:31,142 ted-awards-scraper INFO: 📡 Querying TED API: place-of-performance-country-proc IN (DEU, AUT, CHE) AND notice-type IN (can-standard, can-social, can-desg, can-tran)
2026-05-04 11:14:31,164 bund-scraper INFO: [22/500] Visiting https://www.service.bund.de/IMPORTE/Stellenangebote/interamt/2026/05/1442930.html#track=feed-jobs
2026-05-04 11:14:31,194 httpx INFO: HTTP Request: GET https://www.service.bund.de/Content/Globals/Functions/RSSFeed/RSSGenerator_Ausschreibungen.xml "HTTP/1.1 200 OK"
2026-05-04 11:14:31,247 httpx INFO: HTTP Request: GET https://oeffentlichevergabe.de/api/notice-exports?pubDay=latest&format=ocds.zip "HTTP/1.1 400 "
2026-05-04 11:14:31,247 oeffentliche-vergabe-scraper ERROR: Failed to fetch OCDS export: Client error '400 ' for url 'https://oeffentlichevergabe.de/api/notice-exports?pubDay=latest&format=ocds.zip'
For more information check: https://developer.mozilla.org/en-US/docs/Web/HTTP/Status/400
2026-05-04 11:14:31,250 executor INFO: ✅ Job 196 finished: 0 items found
2026-05-04 11:14:31,252 executor INFO: 🚀 Starting DELOITTE crawl for Global (Job 198)
2026-05-04 11:14:31,252 core.scrapers.base INFO: Initialized DELOITTE scraper. max_jobs=50
2026-05-04 11:14:31,300 bund-scraper INFO: 🔍 Found 500 items in RSS. Processing up to 500...
2026-05-04 11:14:31,399 httpx INFO: HTTP Request: POST https://api.ted.europa.eu/v3/notices/search "HTTP/1.1 400 Bad Request"
2026-05-04 11:14:31,399 ted-awards-scraper ERROR: Failed to fetch from TED API: Client error '400 Bad Request' for url 'https://api.ted.europa.eu/v3/notices/search'
For more information check: https://developer.mozilla.org/en-US/docs/Web/HTTP/Status/400
2026-05-04 11:14:31,402 executor INFO: ✅ Job 197 finished: 0 items found
2026-05-04 11:14:31,404 executor INFO: 🚀 Starting ACCENTURE crawl for DE (Job 199)
2026-05-04 11:14:31,404 core.scrapers.base INFO: Initialized ACCENTURE scraper. max_jobs=50
2026-05-04 11:14:32,549 accenture-scraper INFO: 🌐 Navigating to Accenture: https://www.accenture.com/de-de/careers/jobsearch?jk=&sb=1&vw=0&is_rj=0&pg=1
2026-05-04 11:14:32,550 bund-scraper INFO: [1/500] Visiting https://www.service.bund.de/IMPORTE/Ausschreibungen/eVergabe/857162.html#track=feed-callforbids
2026-05-04 11:14:32,551 deloitte-scraper INFO: 🌐 Navigating to Deloitte: https://job.deloitte.com/search?results_pp=50
2026-05-04 11:14:33,038 bund-scraper INFO: [2/500] Visiting https://www.service.bund.de/IMPORTE/Ausschreibungen/eVergabe/857262.html#track=feed-callforbids
2026-05-04 11:14:33,048 core.scrapers.job_offer.interamt INFO: Currently visible jobs: 40
2026-05-04 11:14:33,053 core.scrapers.job_offer.interamt INFO: Clicking 'mehr laden'...
2026-05-04 11:14:33,816 bund-scraper INFO: [23/500] Visiting https://www.service.bund.de/IMPORTE/Stellenangebote/interamt/2026/05/1442325.html#track=feed-jobs
2026-05-04 11:14:33,923 bund-scraper INFO: [3/500] Visiting https://www.service.bund.de/IMPORTE/Ausschreibungen/eVergabe/857150.html#track=feed-callforbids
2026-05-04 11:14:34,080 bund-scraper INFO: [4/500] Visiting https://www.service.bund.de/IMPORTE/Ausschreibungen/eVergabe/857151.html#track=feed-callforbids
2026-05-04 11:14:35,118 bund-scraper INFO: [24/500] Visiting https://www.service.bund.de/IMPORTE/Stellenangebote/interamt/2026/05/1442331.html#track=feed-jobs
2026-05-04 11:14:35,136 bund-scraper INFO: [5/500] Visiting https://www.service.bund.de/IMPORTE/Ausschreibungen/eVergabe/857142.html#track=feed-callforbids
2026-05-04 11:14:35,265 bund-scraper INFO: [6/500] Visiting https://www.service.bund.de/IMPORTE/Ausschreibungen/healyhudson/2026/05/3b06a7ff-75fe-47a0-96b3-684dcd8a5ed0.html#track=feed-callforbids
2026-05-04 11:14:35,277 bund-scraper INFO: [25/500] Visiting https://www.service.bund.de/IMPORTE/Stellenangebote/interamt/2026/05/1442329.html#track=feed-jobs
2026-05-04 11:14:35,921 core.scrapers.job_offer.interamt INFO: Currently visible jobs: 50
2026-05-04 11:14:35,923 core.scrapers.job_offer.interamt INFO: Clicking 'mehr laden'...
2026-05-04 11:14:36,214 bund-scraper INFO: [7/500] Visiting https://www.service.bund.de/IMPORTE/Ausschreibungen/healyhudson/2026/05/ed68088d-dd7d-458c-abdf-5bedebd09f95.html#track=feed-callforbids
2026-05-04 11:14:36,359 bund-scraper INFO: [8/500] Visiting https://www.service.bund.de/IMPORTE/Ausschreibungen/abc/2026/05/432665G349456.html#track=feed-callforbids
2026-05-04 11:14:36,485 bund-scraper INFO: [9/500] Visiting https://www.service.bund.de/IMPORTE/Ausschreibungen/eVergabe/856360.html#track=feed-callforbids
2026-05-04 11:14:36,591 bund-scraper INFO: [10/500] Visiting https://www.service.bund.de/IMPORTE/Ausschreibungen/subreport/2026/05/E24758975.html#track=feed-callforbids
2026-05-04 11:14:36,700 bund-scraper INFO: [11/500] Visiting https://www.service.bund.de/IMPORTE/Ausschreibungen/subreport/2026/05/E81132127.html#track=feed-callforbids
2026-05-04 11:14:37,864 bund-scraper INFO: [12/500] Visiting https://www.service.bund.de/IMPORTE/Ausschreibungen/subreport/2026/05/E23718755.html#track=feed-callforbids
2026-05-04 11:14:37,995 bund-scraper INFO: [13/500] Visiting https://www.service.bund.de/IMPORTE/Ausschreibungen/subreport/2026/05/E49389717.html#track=feed-callforbids
2026-05-04 11:14:38,465 bund-scraper INFO: [26/500] Visiting https://www.service.bund.de/IMPORTE/Stellenangebote/interamt/2026/05/1442836.html#track=feed-jobs
2026-05-04 11:14:38,620 bund-scraper INFO: [27/500] Visiting https://www.service.bund.de/IMPORTE/Stellenangebote/interamt/2026/05/1441525.html#track=feed-jobs
2026-05-04 11:14:38,869 core.scrapers.job_offer.interamt INFO: Currently visible jobs: 60
2026-05-04 11:14:38,871 core.scrapers.job_offer.interamt INFO: Clicking 'mehr laden'...
2026-05-04 11:14:39,098 bund-scraper INFO: [14/500] Visiting https://www.service.bund.de/IMPORTE/Ausschreibungen/subreport/2026/05/E82847628.html#track=feed-callforbids
2026-05-04 11:14:39,773 bund-scraper INFO: [28/500] Visiting https://www.service.bund.de/IMPORTE/Stellenangebote/interamt/2026/05/1441472.html#track=feed-jobs
2026-05-04 11:14:39,914 bund-scraper INFO: [29/500] Visiting https://www.service.bund.de/IMPORTE/Stellenangebote/interamt/2026/05/1441867.html#track=feed-jobs
2026-05-04 11:14:40,077 bund-scraper INFO: [30/500] Visiting https://www.service.bund.de/IMPORTE/Stellenangebote/interamt/2026/05/1441812.html#track=feed-jobs
2026-05-04 11:14:40,324 bund-scraper INFO: [15/500] Visiting https://www.service.bund.de/IMPORTE/Ausschreibungen/subreport/2026/05/E71497151.html#track=feed-callforbids
2026-05-04 11:14:40,464 bund-scraper INFO: [16/500] Visiting https://www.service.bund.de/IMPORTE/Ausschreibungen/subreport/2026/05/E71528371.html#track=feed-callforbids
2026-05-04 11:14:40,594 bund-scraper INFO: [17/500] Visiting https://www.service.bund.de/IMPORTE/Ausschreibungen/subreport/2026/05/E94527788.html#track=feed-callforbids
2026-05-04 11:14:41,791 bund-scraper INFO: [18/500] Visiting https://www.service.bund.de/IMPORTE/Ausschreibungen/subreport/2026/05/E97214744.html#track=feed-callforbids
2026-05-04 11:14:41,938 core.scrapers.job_offer.interamt INFO: Currently visible jobs: 70
2026-05-04 11:14:41,940 core.scrapers.job_offer.interamt INFO: Clicking 'mehr laden'...
2026-05-04 11:14:42,905 bund-scraper INFO: [31/500] Visiting https://www.service.bund.de/IMPORTE/Stellenangebote/interamt/2026/05/1439801.html#track=feed-jobs
2026-05-04 11:14:43,024 bund-scraper INFO: [32/500] Visiting https://www.service.bund.de/IMPORTE/Stellenangebote/interamt/2026/05/1441443.html#track=feed-jobs
2026-05-04 11:14:43,043 bund-scraper INFO: [19/500] Visiting https://www.service.bund.de/IMPORTE/Ausschreibungen/subreport/2026/05/E59158223.html#track=feed-callforbids
2026-05-04 11:14:43,134 bund-scraper INFO: [33/500] Visiting https://www.service.bund.de/IMPORTE/Stellenangebote/interamt/2026/05/1321582.html#track=feed-jobs
2026-05-04 11:14:43,183 bund-scraper INFO: [20/500] Visiting https://www.service.bund.de/IMPORTE/Ausschreibungen/subreport/2026/05/E16937185.html#track=feed-callforbids
2026-05-04 11:14:43,242 bund-scraper INFO: [34/500] Visiting https://www.service.bund.de/IMPORTE/Stellenangebote/interamt/2026/05/1434962.html#track=feed-jobs
2026-05-04 11:14:43,343 bund-scraper INFO: [35/500] Visiting https://www.service.bund.de/IMPORTE/Stellenangebote/interamt/2026/05/1443492.html#track=feed-jobs
2026-05-04 11:14:44,349 bund-scraper INFO: [21/500] Visiting https://www.service.bund.de/IMPORTE/Ausschreibungen/subreport/2026/05/E72592644.html#track=feed-callforbids
2026-05-04 11:14:44,508 bund-scraper INFO: [22/500] Visiting https://www.service.bund.de/IMPORTE/Ausschreibungen/subreport/2026/05/E62369584.html#track=feed-callforbids
2026-05-04 11:14:44,712 bund-scraper INFO: [36/500] Visiting https://www.service.bund.de/IMPORTE/Stellenangebote/interamt/2026/05/1443491.html#track=feed-jobs
2026-05-04 11:14:44,838 bund-scraper INFO: [37/500] Visiting https://www.service.bund.de/IMPORTE/Stellenangebote/interamt/2026/05/1443490.html#track=feed-jobs
2026-05-04 11:14:44,958 bund-scraper INFO: [38/500] Visiting https://www.service.bund.de/IMPORTE/Stellenangebote/interamt/2026/05/1443489.html#track=feed-jobs
2026-05-04 11:14:45,146 bund-scraper INFO: [39/500] Visiting https://www.service.bund.de/IMPORTE/Stellenangebote/editor/Landkreis-Wittenberg/2026/05/6487481.html#track=feed-jobs
2026-05-04 11:14:45,257 core.scrapers.job_offer.interamt INFO: Currently visible jobs: 80
2026-05-04 11:14:45,260 core.scrapers.job_offer.interamt INFO: Clicking 'mehr laden'...
2026-05-04 11:14:45,302 bund-scraper INFO: [40/500] Visiting https://www.service.bund.de/IMPORTE/Stellenangebote/editor/Landkreis-Wittenberg/2026/05/6487464.html#track=feed-jobs
2026-05-04 11:14:45,417 bund-scraper INFO: [41/500] Visiting https://www.service.bund.de/IMPORTE/Stellenangebote/editor/Landkreis-Wittenberg/2026/05/6487490.html#track=feed-jobs
2026-05-04 11:14:45,526 bund-scraper INFO: [42/500] Visiting https://www.service.bund.de/IMPORTE/Stellenangebote/editor/Amt-fuer-Soziale-Dienste-Bremen/2026/05/6487789.html#track=feed-jobs
2026-05-04 11:14:45,635 bund-scraper INFO: [43/500] Visiting https://www.service.bund.de/IMPORTE/Stellenangebote/editor/Brandenburgisches-Oberlandesgericht/2026/05/6487799.html#track=feed-jobs
2026-05-04 11:14:45,694 bund-scraper INFO: [23/500] Visiting https://www.service.bund.de/IMPORTE/Ausschreibungen/subreport/2026/05/E93162546.html#track=feed-callforbids
2026-05-04 11:14:45,841 bund-scraper INFO: [24/500] Visiting https://www.service.bund.de/IMPORTE/Ausschreibungen/vmp-bb/2026/05/246743.html#track=feed-callforbids
2026-05-04 11:14:45,955 bund-scraper INFO: [25/500] Visiting https://www.service.bund.de/IMPORTE/Ausschreibungen/dtvp/2026/05/324248.html#track=feed-callforbids
2026-05-04 11:14:46,084 bund-scraper INFO: [26/500] Visiting https://www.service.bund.de/IMPORTE/Ausschreibungen/dtvp/2026/05/324056.html#track=feed-callforbids
2026-05-04 11:14:46,193 bund-scraper INFO: [27/500] Visiting https://www.service.bund.de/IMPORTE/Ausschreibungen/evergabede/2026/05/6916877.html#track=feed-callforbids
2026-05-04 11:14:46,334 bund-scraper INFO: [28/500] Visiting https://www.service.bund.de/IMPORTE/Ausschreibungen/evergabede/2026/05/6917825.html#track=feed-callforbids
2026-05-04 11:14:46,476 bund-scraper INFO: [29/500] Visiting https://www.service.bund.de/IMPORTE/Ausschreibungen/evergabede/2026/05/6916854.html#track=feed-callforbids
2026-05-04 11:14:46,599 bund-scraper INFO: [30/500] Visiting https://www.service.bund.de/IMPORTE/Ausschreibungen/evergabede/2026/05/6916866.html#track=feed-callforbids
2026-05-04 11:14:46,990 bund-scraper INFO: [44/500] Visiting https://www.service.bund.de/IMPORTE/Stellenangebote/editor/Brandenburgisches-Oberlandesgericht/2026/05/6487904.html#track=feed-jobs
2026-05-04 11:14:47,210 bund-scraper INFO: [45/500] Visiting https://www.service.bund.de/IMPORTE/Stellenangebote/editor/Landkreis-Barnim/2026/05/6487972.html#track=feed-jobs
2026-05-04 11:14:47,892 bund-scraper INFO: [31/500] Visiting https://www.service.bund.de/IMPORTE/Ausschreibungen/evergabede/2026/05/6916845.html#track=feed-callforbids
2026-05-04 11:14:48,107 bund-scraper INFO: [32/500] Visiting https://www.service.bund.de/IMPORTE/Ausschreibungen/evergabede/2026/05/6916850.html#track=feed-callforbids
2026-05-04 11:14:48,633 core.scrapers.job_offer.interamt INFO: Currently visible jobs: 90
2026-05-04 11:14:48,636 core.scrapers.job_offer.interamt INFO: Clicking 'mehr laden'...
2026-05-04 11:14:49,357 bund-scraper INFO: [33/500] Visiting https://www.service.bund.de/IMPORTE/Ausschreibungen/evergabede/2026/05/6917931.html#track=feed-callforbids
2026-05-04 11:14:49,479 bund-scraper INFO: [34/500] Visiting https://www.service.bund.de/IMPORTE/Ausschreibungen/evergabede/2026/05/6917316.html#track=feed-callforbids
2026-05-04 11:14:50,768 bund-scraper INFO: [35/500] Visiting https://www.service.bund.de/IMPORTE/Ausschreibungen/evergabede/2026/05/6916904.html#track=feed-callforbids
2026-05-04 11:14:50,962 bund-scraper INFO: [36/500] Visiting https://www.service.bund.de/IMPORTE/Ausschreibungen/eVergabe/857509.html#track=feed-callforbids
2026-05-04 11:14:51,107 bund-scraper INFO: [46/500] Visiting https://www.service.bund.de/IMPORTE/Stellenangebote/editor/Brandenburgisches-Oberlandesgericht/2026/05/6487956.html#track=feed-jobs
2026-05-04 11:14:51,243 bund-scraper INFO: [37/500] Visiting https://www.service.bund.de/IMPORTE/Ausschreibungen/eVergabe/857690.html#track=feed-callforbids
2026-05-04 11:14:51,436 bund-scraper INFO: [38/500] Visiting https://www.service.bund.de/IMPORTE/Ausschreibungen/dtvp/2026/05/322878.html#track=feed-callforbids
2026-05-04 11:14:51,500 bund-scraper INFO: [47/500] Visiting https://www.service.bund.de/IMPORTE/Stellenangebote/editor/Brandenburgisches-Oberlandesgericht/2026/05/6487934.html#track=feed-jobs
2026-05-04 11:14:51,831 core.scrapers.job_offer.interamt INFO: Currently visible jobs: 100
2026-05-04 11:14:51,834 core.scrapers.job_offer.interamt INFO: Clicking 'mehr laden'...
2026-05-04 11:14:52,091 bund-scraper INFO: [39/500] Visiting https://www.service.bund.de/IMPORTE/Ausschreibungen/abc/2026/05/432581G349395.html#track=feed-callforbids
2026-05-04 11:14:53,332 bund-scraper INFO: [48/500] Visiting https://www.service.bund.de/IMPORTE/Stellenangebote/editor/Brandenburgisches-Oberlandesgericht/2026/05/6487926.html#track=feed-jobs
2026-05-04 11:14:53,488 bund-scraper INFO: [49/500] Visiting https://www.service.bund.de/IMPORTE/Stellenangebote/editor/Universitaet-der-Kuenste-Berlin/2026/05/6490090.html#track=feed-jobs
2026-05-04 11:14:54,312 bund-scraper INFO: [40/500] Visiting https://www.service.bund.de/IMPORTE/Ausschreibungen/abc/2026/05/432540G349366.html#track=feed-callforbids
2026-05-04 11:14:54,924 bund-scraper INFO: [50/500] Visiting https://www.service.bund.de/IMPORTE/Stellenangebote/interamt/2026/05/1443488.html#track=feed-jobs
2026-05-04 11:14:55,116 bund-scraper INFO: [51/500] Visiting https://www.service.bund.de/IMPORTE/Stellenangebote/bundeswehr/2026/05/208D_0426-B.html#track=feed-jobs
2026-05-04 11:14:55,327 bund-scraper INFO: [52/500] Visiting https://www.service.bund.de/IMPORTE/Stellenangebote/bpol/2026/05/2026-336.html#track=feed-jobs
2026-05-04 11:14:55,424 bund-scraper INFO: [41/500] Visiting https://www.service.bund.de/IMPORTE/Ausschreibungen/abc/2026/05/432483G349327.html#track=feed-callforbids
2026-05-04 11:14:55,519 bund-scraper INFO: [53/500] Visiting https://www.service.bund.de/IMPORTE/Stellenangebote/interamt/2026/05/1443134.html#track=feed-jobs
2026-05-04 11:14:56,638 core.scrapers.job_offer.interamt INFO: Currently visible jobs: 110
2026-05-04 11:14:56,644 core.scrapers.job_offer.interamt INFO: Clicking 'mehr laden'...
2026-05-04 11:14:56,650 bund-scraper INFO: [42/500] Visiting https://www.service.bund.de/IMPORTE/Ausschreibungen/abc/2026/05/432571G349390.html#track=feed-callforbids
2026-05-04 11:14:56,786 bund-scraper INFO: [43/500] Visiting https://www.service.bund.de/IMPORTE/Ausschreibungen/abc/2026/05/432636G349424.html#track=feed-callforbids
2026-05-04 11:14:56,892 bund-scraper INFO: [44/500] Visiting https://www.service.bund.de/IMPORTE/Ausschreibungen/eVergabe/857639.html#track=feed-callforbids
2026-05-04 11:14:57,064 bund-scraper INFO: [54/500] Visiting https://www.service.bund.de/IMPORTE/Stellenangebote/interamt/2026/05/1443018.html#track=feed-jobs
2026-05-04 11:14:57,207 bund-scraper INFO: [55/500] Visiting https://www.service.bund.de/IMPORTE/Stellenangebote/interamt/2026/05/1442808.html#track=feed-jobs
2026-05-04 11:14:57,307 bund-scraper INFO: [45/500] Visiting https://www.service.bund.de/IMPORTE/Ausschreibungen/eVergabe/857337.html#track=feed-callforbids
2026-05-04 11:14:57,379 bund-scraper INFO: [56/500] Visiting https://www.service.bund.de/IMPORTE/Stellenangebote/interamt/2026/05/1443447.html#track=feed-jobs
2026-05-04 11:14:57,426 bund-scraper INFO: [46/500] Visiting https://www.service.bund.de/IMPORTE/Ausschreibungen/eVergabe/857471.html#track=feed-callforbids
2026-05-04 11:14:57,542 bund-scraper INFO: [47/500] Visiting https://www.service.bund.de/IMPORTE/Ausschreibungen/eVergabe/857657.html#track=feed-callforbids
2026-05-04 11:14:57,674 bund-scraper INFO: [48/500] Visiting https://www.service.bund.de/IMPORTE/Ausschreibungen/eVergabe/857682.html#track=feed-callforbids
2026-05-04 11:14:57,804 bund-scraper INFO: [49/500] Visiting https://www.service.bund.de/IMPORTE/Ausschreibungen/eVergabe/857575.html#track=feed-callforbids
2026-05-04 11:14:57,943 bund-scraper INFO: [50/500] Visiting https://www.service.bund.de/IMPORTE/Ausschreibungen/eVergabe/857356.html#track=feed-callforbids
2026-05-04 11:14:57,956 executor INFO: ✅ Job 199 finished: 9 items found
INFO:     127.0.0.1:57308 - "GET /api/v1/jobs HTTP/1.1" 200 OK
2026-05-04 11:14:57,998 executor INFO: 🚀 Starting PORSCHE_5305 crawl for Competitor (Job 200)
2026-05-04 11:14:57,999 core.scrapers.base INFO: Initialized PORSCHE_5305 scraper. max_jobs=50
2026-05-04 11:14:58,957 bund-scraper INFO: [51/500] Visiting https://www.service.bund.de/IMPORTE/Ausschreibungen/eVergabe/857432.html#track=feed-callforbids
2026-05-04 11:14:59,107 bund-scraper INFO: [52/500] Visiting https://www.service.bund.de/IMPORTE/Ausschreibungen/eVergabe/857666.html#track=feed-callforbids
2026-05-04 11:14:59,810 bund-scraper INFO: [57/500] Visiting https://www.service.bund.de/IMPORTE/Stellenangebote/interamt/2026/05/1443189.html#track=feed-jobs
2026-05-04 11:14:59,965 bund-scraper INFO: [58/500] Visiting https://www.service.bund.de/IMPORTE/Stellenangebote/interamt/2026/05/1443299.html#track=feed-jobs
2026-05-04 11:15:00,121 core.scrapers.job_offer.interamt INFO: Currently visible jobs: 120
2026-05-04 11:15:00,124 core.scrapers.job_offer.interamt INFO: Clicking 'mehr laden'...
2026-05-04 11:15:00,136 bund-scraper INFO: [53/500] Visiting https://www.service.bund.de/IMPORTE/Ausschreibungen/eVergabe/857688.html#track=feed-callforbids
2026-05-04 11:15:01,272 bund-scraper INFO: [54/500] Visiting https://www.service.bund.de/IMPORTE/Ausschreibungen/eVergabe/855455.html#track=feed-callforbids
2026-05-04 11:15:01,487 bund-scraper INFO: [55/500] Visiting https://www.service.bund.de/IMPORTE/Ausschreibungen/eVergabe/857632.html#track=feed-callforbids
2026-05-04 11:15:01,624 bund-scraper INFO: [56/500] Visiting https://www.service.bund.de/IMPORTE/Ausschreibungen/eVergabe/857644.html#track=feed-callforbids
2026-05-04 11:15:02,019 porsche-scraper INFO: 🌐 Navigating to Porsche (5305): https://jobs.porsche.com/index.php?ac=search_result&search_criterion_division%5B%5D=5305&search_criterion_channel%5B%5D=12
2026-05-04 11:15:02,475 bund-scraper INFO: [57/500] Visiting https://www.service.bund.de/IMPORTE/Ausschreibungen/eVergabe/857404.html#track=feed-callforbids
2026-05-04 11:15:02,607 bund-scraper INFO: [58/500] Visiting https://www.service.bund.de/IMPORTE/Ausschreibungen/eVergabe/857415.html#track=feed-callforbids
2026-05-04 11:15:02,722 bund-scraper INFO: [59/500] Visiting https://www.service.bund.de/IMPORTE/Stellenangebote/interamt/2026/05/1443009.html#track=feed-jobs
2026-05-04 11:15:02,837 bund-scraper INFO: [59/500] Visiting https://www.service.bund.de/IMPORTE/Ausschreibungen/eVergabe/857621.html#track=feed-callforbids
2026-05-04 11:15:02,867 bund-scraper INFO: [60/500] Visiting https://www.service.bund.de/IMPORTE/Stellenangebote/interamt/2026/05/1443304.html#track=feed-jobs
2026-05-04 11:15:02,958 bund-scraper INFO: [60/500] Visiting https://www.service.bund.de/IMPORTE/Ausschreibungen/eVergabe/857502.html#track=feed-callforbids
2026-05-04 11:15:03,090 bund-scraper INFO: [61/500] Visiting https://www.service.bund.de/IMPORTE/Ausschreibungen/eVergabe/857557.html#track=feed-callforbids
2026-05-04 11:15:03,222 bund-scraper INFO: [62/500] Visiting https://www.service.bund.de/IMPORTE/Ausschreibungen/eVergabe/857598.html#track=feed-callforbids
2026-05-04 11:15:03,350 bund-scraper INFO: [63/500] Visiting https://www.service.bund.de/IMPORTE/Ausschreibungen/eVergabe/857693.html#track=feed-callforbids
2026-05-04 11:15:03,882 core.scrapers.job_offer.interamt INFO: Currently visible jobs: 130
2026-05-04 11:15:03,885 core.scrapers.job_offer.interamt INFO: Clicking 'mehr laden'...
2026-05-04 11:15:04,747 bund-scraper INFO: [61/500] Visiting https://www.service.bund.de/IMPORTE/Stellenangebote/interamt/2026/05/1443059.html#track=feed-jobs
2026-05-04 11:15:04,980 bund-scraper INFO: [62/500] Visiting https://www.service.bund.de/IMPORTE/Stellenangebote/interamt/2026/05/1442575.html#track=feed-jobs
2026-05-04 11:15:05,598 bund-scraper INFO: [64/500] Visiting https://www.service.bund.de/IMPORTE/Ausschreibungen/eVergabe/857604.html#track=feed-callforbids
2026-05-04 11:15:05,739 bund-scraper INFO: [65/500] Visiting https://www.service.bund.de/IMPORTE/Ausschreibungen/eVergabe/857215.html#track=feed-callforbids
2026-05-04 11:15:05,850 bund-scraper INFO: [66/500] Visiting https://www.service.bund.de/IMPORTE/Ausschreibungen/eVergabe/857508.html#track=feed-callforbids
2026-05-04 11:15:05,967 bund-scraper INFO: [67/500] Visiting https://www.service.bund.de/IMPORTE/Ausschreibungen/eVergabe/857402.html#track=feed-callforbids
2026-05-04 11:15:06,174 bund-scraper INFO: [68/500] Visiting https://www.service.bund.de/IMPORTE/Ausschreibungen/eVergabe/857514.html#track=feed-callforbids
2026-05-04 11:15:06,349 bund-scraper INFO: [69/500] Visiting https://www.service.bund.de/IMPORTE/Ausschreibungen/eVergabe/857488.html#track=feed-callforbids
2026-05-04 11:15:06,719 bund-scraper INFO: [70/500] Visiting https://www.service.bund.de/IMPORTE/Ausschreibungen/eVergabe/857427.html#track=feed-callforbids
2026-05-04 11:15:06,990 bund-scraper INFO: [71/500] Visiting https://www.service.bund.de/IMPORTE/Ausschreibungen/eVergabe/857490.html#track=feed-callforbids
2026-05-04 11:15:07,281 bund-scraper INFO: [72/500] Visiting https://www.service.bund.de/IMPORTE/Ausschreibungen/eVergabe/857555.html#track=feed-callforbids
2026-05-04 11:15:07,323 bund-scraper INFO: [63/500] Visiting https://www.service.bund.de/IMPORTE/Stellenangebote/interamt/2026/05/1442564.html#track=feed-jobs
2026-05-04 11:15:07,442 bund-scraper INFO: [73/500] Visiting https://www.service.bund.de/IMPORTE/Ausschreibungen/eVergabe/857496.html#track=feed-callforbids
2026-05-04 11:15:07,738 bund-scraper INFO: [74/500] Visiting https://www.service.bund.de/IMPORTE/Ausschreibungen/eVergabe/857580.html#track=feed-callforbids
2026-05-04 11:15:07,861 bund-scraper INFO: [75/500] Visiting https://www.service.bund.de/IMPORTE/Ausschreibungen/eVergabe/856901.html#track=feed-callforbids
2026-05-04 11:15:08,066 bund-scraper INFO: [76/500] Visiting https://www.service.bund.de/IMPORTE/Ausschreibungen/eVergabe/857634.html#track=feed-callforbids
2026-05-04 11:15:08,255 bund-scraper INFO: [77/500] Visiting https://www.service.bund.de/IMPORTE/Ausschreibungen/eVergabe/857659.html#track=feed-callforbids
2026-05-04 11:15:08,402 bund-scraper INFO: [78/500] Visiting https://www.service.bund.de/IMPORTE/Ausschreibungen/eVergabe/857481.html#track=feed-callforbids
2026-05-04 11:15:08,606 bund-scraper INFO: [79/500] Visiting https://www.service.bund.de/IMPORTE/Ausschreibungen/eVergabe/857536.html#track=feed-callforbids
2026-05-04 11:15:08,656 executor INFO: ✅ Job 200 finished: 0 items found
2026-05-04 11:15:08,689 executor INFO: 🚀 Starting PORSCHE_3167 crawl for Target (Job 201)
2026-05-04 11:15:08,689 core.scrapers.base INFO: Initialized PORSCHE_3167 scraper. max_jobs=50
2026-05-04 11:15:08,743 bund-scraper INFO: [80/500] Visiting https://www.service.bund.de/IMPORTE/Ausschreibungen/eVergabe/857423.html#track=feed-callforbids
2026-05-04 11:15:08,861 bund-scraper INFO: [81/500] Visiting https://www.service.bund.de/IMPORTE/Ausschreibungen/eVergabe/857550.html#track=feed-callforbids
2026-05-04 11:15:09,386 bund-scraper INFO: [64/500] Visiting https://www.service.bund.de/IMPORTE/Stellenangebote/interamt/2026/05/1442866.html#track=feed-jobs
2026-05-04 11:15:10,097 bund-scraper INFO: [82/500] Visiting https://www.service.bund.de/IMPORTE/Ausschreibungen/eVergabe/857665.html#track=feed-callforbids
2026-05-04 11:15:10,180 core.scrapers.job_offer.interamt INFO: Currently visible jobs: 140
2026-05-04 11:15:10,192 core.scrapers.job_offer.interamt INFO: Clicking 'mehr laden'...
2026-05-04 11:15:10,499 bund-scraper INFO: [65/500] Visiting https://www.service.bund.de/IMPORTE/Stellenangebote/interamt/2026/05/1442856.html#track=feed-jobs
2026-05-04 11:15:12,048 porsche-scraper INFO: 🌐 Navigating to Porsche (3167): https://jobs.porsche.com/index.php?ac=search_result&search_criterion_division%5B%5D=3167&search_criterion_channel%5B%5D=12
2026-05-04 11:15:15,787 core.scrapers.job_offer.interamt INFO: Currently visible jobs: 140
2026-05-04 11:15:15,869 core.scrapers.job_offer.interamt INFO: Clicking 'mehr laden'...
2026-05-04 11:15:17,268 bund-scraper INFO: [83/500] Visiting https://www.service.bund.de/IMPORTE/Ausschreibungen/eVergabe/857499.html#track=feed-callforbids
2026-05-04 11:15:18,215 bund-scraper INFO: [66/500] Visiting https://www.service.bund.de/IMPORTE/Stellenangebote/interamt/2026/05/1442852.html#track=feed-jobs
2026-05-04 11:15:18,242 bund-scraper INFO: [84/500] Visiting https://www.service.bund.de/IMPORTE/Ausschreibungen/eVergabe/857418.html#track=feed-callforbids
2026-05-04 11:15:18,969 bund-scraper INFO: [85/500] Visiting https://www.service.bund.de/IMPORTE/Ausschreibungen/eVergabe/857618.html#track=feed-callforbids
2026-05-04 11:15:19,852 bund-scraper INFO: [86/500] Visiting https://www.service.bund.de/IMPORTE/Ausschreibungen/eVergabe/857607.html#track=feed-callforbids
2026-05-04 11:15:20,800 bund-scraper INFO: [87/500] Visiting https://www.service.bund.de/IMPORTE/Ausschreibungen/healyhudson/2026/05/64a646f1-3d0e-4a4a-b92c-f80df666a583.html#track=feed-callforbids
2026-05-04 11:15:21,966 bund-scraper INFO: [67/500] Visiting https://www.service.bund.de/IMPORTE/Stellenangebote/interamt/2026/05/1442858.html#track=feed-jobs
2026-05-04 11:15:29,270 core.scrapers.job_offer.interamt INFO: Currently visible jobs: 160
2026-05-04 11:15:29,603 core.scrapers.job_offer.interamt INFO: Clicking 'mehr laden'...
2026-05-04 11:15:30,347 bund-scraper INFO: [88/500] Visiting https://www.service.bund.de/IMPORTE/Ausschreibungen/healyhudson/2026/05/356bc1dd-8f60-40d5-8b99-cf37ac9cc806.html#track=feed-callforbids
2026-05-04 11:15:41,820 core.scrapers.job_offer.interamt INFO: Currently visible jobs: 160
2026-05-04 11:15:42,006 core.scrapers.job_offer.interamt INFO: Clicking 'mehr laden'...
